Using pre-set license
Built from '2022.3/staging' branch; Version is '2022.3.32f1 (c8300dc0a3fa) revision 13119501'; Using compiler version '192829333'; Build Type 'Release'
OS: 'Windows 11  (10.0.22631) 64bit Core' Language: 'en' Physical Memory: 7480 MB
BatchMode: 1, IsHumanControllingUs: 0, StartBugReporterOnCrash: 0, Is64bit: 1, IsPro: 1

COMMAND LINE ARGUMENTS:
C:\Program Files\Unity\Hub\Editor\2022.3.32f1\Editor\Unity.exe
-adb2
-batchMode
-noUpm
-name
AssetImportWorker4
-projectPath
C:/Users/chris/Desktop/atlas-vfx-graph/VFX
-logFile
Logs/AssetImportWorker4.log
-srvPort
49881
Successfully changed project path to: C:/Users/chris/Desktop/atlas-vfx-graph/VFX
C:/Users/chris/Desktop/atlas-vfx-graph/VFX
[UnityMemory] Configuration Parameters - Can be set up in boot.config
    "memorysetup-bucket-allocator-granularity=16"
    "memorysetup-bucket-allocator-bucket-count=8"
    "memorysetup-bucket-allocator-block-size=33554432"
    "memorysetup-bucket-allocator-block-count=8"
    "memorysetup-main-allocator-block-size=16777216"
    "memorysetup-thread-allocator-block-size=16777216"
    "memorysetup-gfx-main-allocator-block-size=16777216"
    "memorysetup-gfx-thread-allocator-block-size=16777216"
    "memorysetup-cache-allocator-block-size=4194304"
    "memorysetup-typetree-allocator-block-size=2097152"
    "memorysetup-profiler-bucket-allocator-granularity=16"
    "memorysetup-profiler-bucket-allocator-bucket-count=8"
    "memorysetup-profiler-bucket-allocator-block-size=33554432"
    "memorysetup-profiler-bucket-allocator-block-count=8"
    "memorysetup-profiler-allocator-block-size=16777216"
    "memorysetup-profiler-editor-allocator-block-size=1048576"
    "memorysetup-temp-allocator-size-main=16777216"
    "memorysetup-job-temp-allocator-block-size=2097152"
    "memorysetup-job-temp-allocator-block-size-background=1048576"
    "memorysetup-job-temp-allocator-reduction-small-platforms=262144"
    "memorysetup-allocator-temp-initial-block-size-main=262144"
    "memorysetup-allocator-temp-initial-block-size-worker=262144"
    "memorysetup-temp-allocator-size-background-worker=32768"
    "memorysetup-temp-allocator-size-job-worker=262144"
    "memorysetup-temp-allocator-size-preload-manager=33554432"
    "memorysetup-temp-allocator-size-nav-mesh-worker=65536"
    "memorysetup-temp-allocator-size-audio-worker=65536"
    "memorysetup-temp-allocator-size-cloud-worker=32768"
    "memorysetup-temp-allocator-size-gi-baking-worker=262144"
    "memorysetup-temp-allocator-size-gfx=262144"
Player connection [22516] Host "[IP] 10.8.202.21 [Port] 0 [Flags] 2 [Guid] 4169807885 [EditorId] 4169807885 [Version] 1048832 [Id] WindowsEditor(7,Tinos) [Debug] 1 [PackageName] WindowsEditor [ProjectName] Editor" joined multi-casting on [225.0.0.222:54997]...

Player connection [22516] Host "[IP] 10.8.202.21 [Port] 0 [Flags] 2 [Guid] 4169807885 [EditorId] 4169807885 [Version] 1048832 [Id] WindowsEditor(7,Tinos) [Debug] 1 [PackageName] WindowsEditor [ProjectName] Editor" joined alternative multi-casting on [225.0.0.222:34997]...

[PhysX] Initialized MultithreadedTaskDispatcher with 12 workers.
Refreshing native plugins compatible for Editor in 52.04 ms, found 3 plugins.
Preloading 0 native plugins for Editor in 0.00 ms.
Initialize engine version: 2022.3.32f1 (c8300dc0a3fa)
[Subsystems] Discovering subsystems at path C:/Program Files/Unity/Hub/Editor/2022.3.32f1/Editor/Data/Resources/UnitySubsystems
[Subsystems] Discovering subsystems at path C:/Users/chris/Desktop/atlas-vfx-graph/VFX/Assets
GfxDevice: creating device client; threaded=0; jobified=0
Direct3D:
    Version:  Direct3D 11.0 [level 11.1]
    Renderer: AMD Radeon 760M Graphics (ID=0x1900)
    Vendor:   ATI
    VRAM:     3740 MB
    Driver:   32.0.11032.2
Initialize mono
Mono path[0] = 'C:/Program Files/Unity/Hub/Editor/2022.3.32f1/Editor/Data/Managed'
Mono path[1] = 'C:/Program Files/Unity/Hub/Editor/2022.3.32f1/Editor/Data/MonoBleedingEdge/lib/mono/unityjit-win32'
Mono config path = 'C:/Program Files/Unity/Hub/Editor/2022.3.32f1/Editor/Data/MonoBleedingEdge/etc'
Using monoOptions --debugger-agent=transport=dt_socket,embedding=1,server=y,suspend=n,address=127.0.0.1:56460
Begin MonoManager ReloadAssembly
Registering precompiled unity dll's ...
Register platform support module: C:/Program Files/Unity/Hub/Editor/2022.3.32f1/Editor/Data/PlaybackEngines/WebGLSupport/UnityEditor.WebGL.Extensions.dll
Register platform support module: C:/Program Files/Unity/Hub/Editor/2022.3.32f1/Editor/Data/PlaybackEngines/AndroidPlayer/UnityEditor.Android.Extensions.dll
Register platform support module: C:/Program Files/Unity/Hub/Editor/2022.3.32f1/Editor/Data/PlaybackEngines/WindowsStandaloneSupport/UnityEditor.WindowsStandalone.Extensions.dll
Registered in 0.014351 seconds.
- Loaded All Assemblies, in  0.542 seconds
Native extension for WindowsStandalone target not found
Native extension for Android target not found
Android Extension - Scanning For ADB Devices 771 ms
Native extension for WebGL target not found
Mono: successfully reloaded assembly
- Finished resetting the current domain, in  1.149 seconds
Domain Reload Profiling: 1690ms
	BeginReloadAssembly (217ms)
		ExecutionOrderSort (0ms)
		DisableScriptedObjects (0ms)
		BackupInstance (0ms)
		ReleaseScriptingObjects (0ms)
		CreateAndSetChildDomain (2ms)
	RebuildCommonClasses (47ms)
	RebuildNativeTypeToScriptingClass (8ms)
	initialDomainReloadingComplete (76ms)
	LoadAllAssembliesAndSetupDomain (193ms)
		LoadAssemblies (211ms)
		RebuildTransferFunctionScriptingTraits (0ms)
		AnalyzeDomain (189ms)
			TypeCache.Refresh (186ms)
				TypeCache.ScanAssembly (168ms)
			ScanForSourceGeneratedMonoScriptInfo (1ms)
			ResolveRequiredComponents (1ms)
	FinalizeReload (1150ms)
		ReleaseScriptCaches (0ms)
		RebuildScriptCaches (0ms)
		SetupLoadedEditorAssemblies (1090ms)
			LogAssemblyErrors (0ms)
			InitializePlatformSupportModulesInManaged (922ms)
			SetLoadedEditorAssemblies (5ms)
			RefreshPlugins (0ms)
			BeforeProcessingInitializeOnLoad (4ms)
			ProcessInitializeOnLoadAttributes (104ms)
			ProcessInitializeOnLoadMethodAttributes (54ms)
			AfterProcessingInitializeOnLoad (0ms)
			EditorAssembliesLoaded (0ms)
		ExecutionOrderSort2 (0ms)
		AwakeInstancesAfterBackupRestoration (0ms)
========================================================================
Worker process is ready to serve import requests
Begin MonoManager ReloadAssembly
- Loaded All Assemblies, in  0.913 seconds
Refreshing native plugins compatible for Editor in 4.63 ms, found 3 plugins.
Native extension for WindowsStandalone target not found
Native extension for Android target not found
Native extension for WebGL target not found
Package Manager log level set to [2]
[Package Manager] Server::EnsureServerProcessIsRunning -- launch failed, reason: Unity was launched with the -noUpm command-line argument
[Package Manager] UpmClient::Send -- Unable to send message (not connected to UPM process).
[Package Manager] Cannot connect to Unity Package Manager local server
Mono: successfully reloaded assembly
- Finished resetting the current domain, in  0.717 seconds
Domain Reload Profiling: 1625ms
	BeginReloadAssembly (176ms)
		ExecutionOrderSort (0ms)
		DisableScriptedObjects (4ms)
		BackupInstance (0ms)
		ReleaseScriptingObjects (0ms)
		CreateAndSetChildDomain (31ms)
	RebuildCommonClasses (34ms)
	RebuildNativeTypeToScriptingClass (9ms)
	initialDomainReloadingComplete (32ms)
	LoadAllAssembliesAndSetupDomain (657ms)
		LoadAssemblies (524ms)
		RebuildTransferFunctionScriptingTraits (0ms)
		AnalyzeDomain (246ms)
			TypeCache.Refresh (211ms)
				TypeCache.ScanAssembly (186ms)
			ScanForSourceGeneratedMonoScriptInfo (22ms)
			ResolveRequiredComponents (11ms)
	FinalizeReload (718ms)
		ReleaseScriptCaches (0ms)
		RebuildScriptCaches (0ms)
		SetupLoadedEditorAssemblies (575ms)
			LogAssemblyErrors (0ms)
			InitializePlatformSupportModulesInManaged (20ms)
			SetLoadedEditorAssemblies (3ms)
			RefreshPlugins (0ms)
			BeforeProcessingInitializeOnLoad (51ms)
			ProcessInitializeOnLoadAttributes (456ms)
			ProcessInitializeOnLoadMethodAttributes (42ms)
			AfterProcessingInitializeOnLoad (3ms)
			EditorAssembliesLoaded (0ms)
		ExecutionOrderSort2 (0ms)
		AwakeInstancesAfterBackupRestoration (6ms)
Launched and connected shader compiler UnityShaderCompiler.exe after 0.05 seconds
Refreshing native plugins compatible for Editor in 3.71 ms, found 3 plugins.
Preloading 0 native plugins for Editor in 0.00 ms.
Unloading 5653 Unused Serialized files (Serialized files now loaded: 0)
Unloading 68 unused Assets / (1.1 MB). Loaded Objects now: 6110.
Memory consumption went from 226.3 MB to 225.2 MB.
Total: 5.562100 ms (FindLiveObjects: 0.736800 ms CreateObjectMapping: 0.252700 ms MarkObjects: 4.227400 ms  DeleteObjects: 0.344300 ms)

AssetImportParameters requested are different than current active one (requested -> active):
  custom:container-demuxer-ogg: 62fdf1f143b41e24485cea50d1cbac27 -> 
  custom:video-codec-MediaFoundation-h265: 746d11721c4dcdbdad8f713fa42b33f4 -> 
  custom:video-decoder-ogg-theora: a1e56fd34408186e4bbccfd4996cb3dc -> 
  custom:framework-win-MediaFoundation: 216162199b28c13a410421893ffa2e32 -> 
  custom:CustomObjectIndexerAttribute: 72b91833f83ae208fae7752999fa3104 -> 
  custom:container-demuxer-webm: 4f35f7cbe854078d1ac9338744f61a02 -> 
  custom:container-muxer-webm: aa71ff27fc2769a1b78a27578f13a17b -> 
  custom:video-decoder-webm-vp8: 9c59270c3fd7afecdb556c50c9e8de78 -> 
  custom:SearchIndexIgnoredProperties: e643bd26f0fe6173181afceb89e7c659 -> 
  custom:AudioImporter_EditorPlatform: d09bf68614088b80899f8185d706f6e7 -> 
  custom:video-encoder-webm-vp8: eb34c28f22e8b96e1ab97ce403110664 -> 
  custom:audio-decoder-ogg-vorbis: bf7c407c2cedff20999df2af8eb42d56 -> 
  custom:audio-encoder-webm-vorbis: bf7c407c2cedff20999df2af8eb42d56 -> 
========================================================================
Received Import Request.
  Time since last request: 48031.977365 seconds.
  path: Assets/Scenes/vfxgraphs/fireworks.vfx
  artifactKey: Guid(89d91c4a948e6bb4db0363759fc4c50f) Importer(815301076,1909f56bfc062723c751e8b465ee728b)
Start importing Assets/Scenes/vfxgraphs/fireworks.vfx using Guid(89d91c4a948e6bb4db0363759fc4c50f) Importer(815301076,1909f56bfc062723c751e8b465ee728b) [PhysX] Initialized MultithreadedTaskDispatcher with 12 workers.
 -> (artifact id: '72ad5e1959faee524e5ec894515cf8d5') in 0.035773 seconds
Number of updated asset objects reloaded before import = 2
Number of asset objects unloaded after import = 13
========================================================================
Received Import Request.
  Time since last request: 39.978935 seconds.
  path: Assets/Scenes/vfxgraphs/fireworks.vfx
  artifactKey: Guid(89d91c4a948e6bb4db0363759fc4c50f) Importer(815301076,1909f56bfc062723c751e8b465ee728b)
Start importing Assets/Scenes/vfxgraphs/fireworks.vfx using Guid(89d91c4a948e6bb4db0363759fc4c50f) Importer(815301076,1909f56bfc062723c751e8b465ee728b) [PhysX] Initialized MultithreadedTaskDispatcher with 12 workers.
 -> (artifact id: '08150d21d0c5ab039c4160943f0355b4') in 0.006700 seconds
Number of updated asset objects reloaded before import = 2
Number of asset objects unloaded after import = 13
========================================================================
Received Import Request.
  Time since last request: 29.821352 seconds.
  path: Assets/Scenes/vfxgraphs/fireworks.vfx
  artifactKey: Guid(89d91c4a948e6bb4db0363759fc4c50f) Importer(815301076,1909f56bfc062723c751e8b465ee728b)
Start importing Assets/Scenes/vfxgraphs/fireworks.vfx using Guid(89d91c4a948e6bb4db0363759fc4c50f) Importer(815301076,1909f56bfc062723c751e8b465ee728b) [PhysX] Initialized MultithreadedTaskDispatcher with 12 workers.
 -> (artifact id: '72d3f2ccc0f9e949ebeb367497e885a6') in 0.004768 seconds
Number of updated asset objects reloaded before import = 2
Number of asset objects unloaded after import = 13
========================================================================
Received Import Request.
  Time since last request: 70.566446 seconds.
  path: Assets/Scenes/vfxgraphs/fireworks.vfx
  artifactKey: Guid(89d91c4a948e6bb4db0363759fc4c50f) Importer(815301076,1909f56bfc062723c751e8b465ee728b)
Start importing Assets/Scenes/vfxgraphs/fireworks.vfx using Guid(89d91c4a948e6bb4db0363759fc4c50f) Importer(815301076,1909f56bfc062723c751e8b465ee728b) [PhysX] Initialized MultithreadedTaskDispatcher with 12 workers.
 -> (artifact id: '24f4e225017ba1bd12ca180e6759502a') in 0.006790 seconds
Number of updated asset objects reloaded before import = 2
Number of asset objects unloaded after import = 13
========================================================================
Received Import Request.
  Time since last request: 13.028394 seconds.
  path: Assets/Scenes/vfxgraphs/fireworks.vfx
  artifactKey: Guid(89d91c4a948e6bb4db0363759fc4c50f) Importer(815301076,1909f56bfc062723c751e8b465ee728b)
Start importing Assets/Scenes/vfxgraphs/fireworks.vfx using Guid(89d91c4a948e6bb4db0363759fc4c50f) Importer(815301076,1909f56bfc062723c751e8b465ee728b) [PhysX] Initialized MultithreadedTaskDispatcher with 12 workers.
 -> (artifact id: 'd9f2f29c564a345e40943670aacdbbcd') in 0.004931 seconds
Number of updated asset objects reloaded before import = 2
Number of asset objects unloaded after import = 13
========================================================================
Received Import Request.
  Time since last request: 99.042796 seconds.
  path: Assets/Scenes/vfxgraphs/fireworks.vfx
  artifactKey: Guid(89d91c4a948e6bb4db0363759fc4c50f) Importer(815301076,1909f56bfc062723c751e8b465ee728b)
Start importing Assets/Scenes/vfxgraphs/fireworks.vfx using Guid(89d91c4a948e6bb4db0363759fc4c50f) Importer(815301076,1909f56bfc062723c751e8b465ee728b) [PhysX] Initialized MultithreadedTaskDispatcher with 12 workers.
 -> (artifact id: '663cccdea7ad2d20f2b80489e0ab234e') in 0.014896 seconds
Number of updated asset objects reloaded before import = 2
Number of asset objects unloaded after import = 13
========================================================================
Received Import Request.
  Time since last request: 111.770569 seconds.
  path: Assets/Scenes/vfxgraphs/fireworks.vfx
  artifactKey: Guid(89d91c4a948e6bb4db0363759fc4c50f) Importer(815301076,1909f56bfc062723c751e8b465ee728b)
Start importing Assets/Scenes/vfxgraphs/fireworks.vfx using Guid(89d91c4a948e6bb4db0363759fc4c50f) Importer(815301076,1909f56bfc062723c751e8b465ee728b) [PhysX] Initialized MultithreadedTaskDispatcher with 12 workers.
 -> (artifact id: '4b8122ed3326f7a2355abc93c03b0751') in 0.008055 seconds
Number of updated asset objects reloaded before import = 2
Number of asset objects unloaded after import = 13
========================================================================
Received Import Request.
  Time since last request: 39.293162 seconds.
  path: Assets/Scenes/vfxgraphs/fireworks.vfx
  artifactKey: Guid(89d91c4a948e6bb4db0363759fc4c50f) Importer(815301076,1909f56bfc062723c751e8b465ee728b)
Start importing Assets/Scenes/vfxgraphs/fireworks.vfx using Guid(89d91c4a948e6bb4db0363759fc4c50f) Importer(815301076,1909f56bfc062723c751e8b465ee728b) [PhysX] Initialized MultithreadedTaskDispatcher with 12 workers.
 -> (artifact id: '768fae975e3c19b45fb7bab89020ac28') in 0.008660 seconds
Number of updated asset objects reloaded before import = 2
Number of asset objects unloaded after import = 13
========================================================================
Received Import Request.
  Time since last request: 190.420181 seconds.
  path: Assets/png
  artifactKey: Guid(f1767cbe6bca49f4b992c16c68da1541) Importer(815301076,1909f56bfc062723c751e8b465ee728b)
Start importing Assets/png using Guid(f1767cbe6bca49f4b992c16c68da1541) Importer(815301076,1909f56bfc062723c751e8b465ee728b) [PhysX] Initialized MultithreadedTaskDispatcher with 12 workers.
 -> (artifact id: '7064c758a1a31bea164c7388cf3cd844') in 0.002183 seconds
Number of updated asset objects reloaded before import = 0
Number of asset objects unloaded after import = 0
========================================================================
Received Import Request.
  Time since last request: 118.019791 seconds.
  path: Assets/png/Ch36_nonPBR (1).fbx
  artifactKey: Guid(742ed20339e639041aa126d25a73db4d) Importer(815301076,1909f56bfc062723c751e8b465ee728b)
Start importing Assets/png/Ch36_nonPBR (1).fbx using Guid(742ed20339e639041aa126d25a73db4d) Importer(815301076,1909f56bfc062723c751e8b465ee728b) [PhysX] Initialized MultithreadedTaskDispatcher with 12 workers.
[PhysX] Initialized MultithreadedTaskDispatcher with 12 workers.
[PhysX] Initialized MultithreadedTaskDispatcher with 12 workers.
[PhysX] Initialized MultithreadedTaskDispatcher with 12 workers.
[PhysX] Initialized MultithreadedTaskDispatcher with 12 workers.
 -> (artifact id: 'b16145cc6f72622106863826c88e0a9b') in 3.673459 seconds
Number of updated asset objects reloaded before import = 2
Number of asset objects unloaded after import = 142
========================================================================
Received Import Request.
  Time since last request: 0.000043 seconds.
  path: Assets/png/images.png
  artifactKey: Guid(1e221853a500f144aacecbdbcaa2ae1f) Importer(815301076,1909f56bfc062723c751e8b465ee728b)
Start importing Assets/png/images.png using Guid(1e221853a500f144aacecbdbcaa2ae1f) Importer(815301076,1909f56bfc062723c751e8b465ee728b) [PhysX] Initialized MultithreadedTaskDispatcher with 12 workers.
[PhysX] Initialized MultithreadedTaskDispatcher with 12 workers.
 -> (artifact id: '91d74928694f74839f5be7de79d2388d') in 0.242502 seconds
Number of updated asset objects reloaded before import = 0
Number of asset objects unloaded after import = 2
========================================================================
Received Import Request.
  Time since last request: 0.011078 seconds.
  path: Assets/png/Dies Irae - Verdi Remix By Ctrl-Z [ ezmp3.cc ].mp3
  artifactKey: Guid(7d2016bd6fb8b4f479892b66c22586ce) Importer(815301076,1909f56bfc062723c751e8b465ee728b)
Start importing Assets/png/Dies Irae - Verdi Remix By Ctrl-Z [ ezmp3.cc ].mp3 using Guid(7d2016bd6fb8b4f479892b66c22586ce) Importer(815301076,1909f56bfc062723c751e8b465ee728b) [PhysX] Initialized MultithreadedTaskDispatcher with 12 workers.
[PhysX] Initialized MultithreadedTaskDispatcher with 12 workers.
 -> (artifact id: '28044d4d0ef50a6e981c000d3f88bc23') in 0.695551 seconds
Number of updated asset objects reloaded before import = 0
Number of asset objects unloaded after import = 2
========================================================================
Received Import Request.
  Time since last request: 27.281506 seconds.
  path: Assets/png/Scary Zombie Pack.zip
  artifactKey: Guid(37607a5b47c989d48939e6252606b5be) Importer(815301076,1909f56bfc062723c751e8b465ee728b)
Start importing Assets/png/Scary Zombie Pack.zip using Guid(37607a5b47c989d48939e6252606b5be) Importer(815301076,1909f56bfc062723c751e8b465ee728b) [PhysX] Initialized MultithreadedTaskDispatcher with 12 workers.
 -> (artifact id: '6c1221b326c39958d25bef715f8d3778') in 0.004076 seconds
Number of updated asset objects reloaded before import = 0
Number of asset objects unloaded after import = 1
========================================================================
Received Import Request.
  Time since last request: 8.974659 seconds.
  path: Assets/png/VTMBup115rc11.5.exe
  artifactKey: Guid(7ad12a89045d9c64aa2dd35aa39a7c92) Importer(815301076,1909f56bfc062723c751e8b465ee728b)
Start importing Assets/png/VTMBup115rc11.5.exe using Guid(7ad12a89045d9c64aa2dd35aa39a7c92) Importer(815301076,1909f56bfc062723c751e8b465ee728b) [PhysX] Initialized MultithreadedTaskDispatcher with 12 workers.
 -> (artifact id: 'd783d76192674416155dce3210ac6cbc') in 0.004241 seconds
Number of updated asset objects reloaded before import = 0
Number of asset objects unloaded after import = 1
========================================================================
Received Import Request.
  Time since last request: 223.180431 seconds.
  path: Assets/png/images.pcache
  artifactKey: Guid(8adb2cec9cb09184985345f9b3126537) Importer(815301076,1909f56bfc062723c751e8b465ee728b)
Start importing Assets/png/images.pcache using Guid(8adb2cec9cb09184985345f9b3126537) Importer(815301076,1909f56bfc062723c751e8b465ee728b) [PhysX] Initialized MultithreadedTaskDispatcher with 12 workers.
[PhysX] Initialized MultithreadedTaskDispatcher with 12 workers.
 -> (artifact id: 'f9e42abb45bf4419bd1aedd7e12f8647') in 0.073005 seconds
Number of updated asset objects reloaded before import = 0
Number of asset objects unloaded after import = 3
========================================================================
Received Import Request.
  Time since last request: 107.577024 seconds.
  path: Assets/png/images.png
  artifactKey: Guid(1e221853a500f144aacecbdbcaa2ae1f) Importer(815301076,1909f56bfc062723c751e8b465ee728b)
Start importing Assets/png/images.png using Guid(1e221853a500f144aacecbdbcaa2ae1f) Importer(815301076,1909f56bfc062723c751e8b465ee728b) [PhysX] Initialized MultithreadedTaskDispatcher with 12 workers.
[PhysX] Initialized MultithreadedTaskDispatcher with 12 workers.
 -> (artifact id: 'f1e67294a45af7741585b3fadb4d1db8') in 0.019944 seconds
Number of updated asset objects reloaded before import = 0
Number of asset objects unloaded after import = 2
